15:14:27.316 INFO  utilities.Util -Current Date and Time :: 05_20_2020 15_14_27
15:14:27.328 INFO  utilities.ExtentManager -*********** Report Path ***********
15:14:27.329 INFO  utilities.ExtentManager -C:\Users\cheap\workspace\letskodeit/reports/AutomationReport_05_20_2020 15_14_27.html
15:14:27.329 INFO  utilities.ExtentManager -*********** Report Path ***********
15:14:27.531 INFO  base.TestListeners -onStart -> Test Tag Name: Application Test
15:14:27.532 INFO  base.TestListeners -These methods will be executed in this <test> tag
15:14:27.532 INFO  base.TestListeners -CheckboxBMW
15:14:27.533 INFO  base.TestListeners -CheckboxBenz
15:14:27.533 INFO  base.TestListeners -CheckboxHonda
15:14:27.533 INFO  base.TestListeners -clickRadioBtnBenz
15:14:27.534 INFO  base.TestListeners -clickRadioBtnHonda
15:14:27.534 INFO  base.TestListeners -clickRadioButtonBMW
15:14:27.534 INFO  base.TestListeners -multipleSelectionApple
15:14:27.534 INFO  base.TestListeners -multipleSelectionOrange
15:14:27.534 INFO  base.TestListeners -multipleSelectionPeach
15:14:27.534 INFO  base.TestListeners -selectDropdownBenz
15:14:27.534 INFO  base.TestListeners -selectDropdownBmw
15:14:27.534 INFO  base.TestListeners -selectDropdownHonda
15:14:27.534 INFO  base.TestListeners -verifyTitle
15:14:27.566 INFO  base.WebDriverFactory -OS Name from system property :: win
15:14:27.566 INFO  base.WebDriverFactory -Driver Binary :: C:\Users\cheap\workspace\letskodeit//drivers//chromedriver.exe
15:14:35.293 INFO  base.CustomDriver -Clicked On :: Login Link
15:14:38.069 INFO  base.CustomDriver -Send Keys on element :: Email Field with data :: asidcam@gmail.com
15:14:38.164 INFO  base.CustomDriver -Send Keys on element :: Password Field with data :: 246//Asid
15:14:39.065 INFO  base.CustomDriver -Clicked On :: Login Button
15:15:23.578 INFO  utilities.Util -Current Date and Time :: 05_20_2020 15_15_23
15:15:23.583 INFO  utilities.ExtentManager -*********** Report Path ***********
15:15:23.583 INFO  utilities.ExtentManager -C:\Users\cheap\workspace\letskodeit/reports/AutomationReport_05_20_2020 15_15_23.html
15:15:23.583 INFO  utilities.ExtentManager -*********** Report Path ***********
15:15:23.727 INFO  base.TestListeners -onStart -> Test Tag Name: Application Test
15:15:23.727 INFO  base.TestListeners -These methods will be executed in this <test> tag
15:15:23.727 INFO  base.TestListeners -CheckboxBMW
15:15:23.727 INFO  base.TestListeners -CheckboxBenz
15:15:23.727 INFO  base.TestListeners -CheckboxHonda
15:15:23.727 INFO  base.TestListeners -clickRadioBtnBenz
15:15:23.727 INFO  base.TestListeners -clickRadioBtnHonda
15:15:23.727 INFO  base.TestListeners -clickRadioButtonBMW
15:15:23.727 INFO  base.TestListeners -multipleSelectionApple
15:15:23.728 INFO  base.TestListeners -multipleSelectionOrange
15:15:23.728 INFO  base.TestListeners -multipleSelectionPeach
15:15:23.728 INFO  base.TestListeners -selectDropdownBenz
15:15:23.728 INFO  base.TestListeners -selectDropdownBmw
15:15:23.728 INFO  base.TestListeners -selectDropdownHonda
15:15:23.728 INFO  base.TestListeners -verifyTitle
15:15:23.747 INFO  base.WebDriverFactory -OS Name from system property :: win
15:15:23.747 INFO  base.WebDriverFactory -Driver Binary :: C:\Users\cheap\workspace\letskodeit//drivers//chromedriver.exe
15:15:32.684 INFO  base.CustomDriver -Clicked On :: Login Link
15:15:34.879 INFO  base.CustomDriver -Send Keys on element :: Email Field with data :: asidcam@gmail.com
15:15:34.956 INFO  base.CustomDriver -Send Keys on element :: Password Field with data :: 246//Asid
15:15:38.235 INFO  base.CustomDriver -Clicked On :: Login Button
15:15:38.334 INFO  base.CustomDriver -Clicked On :: Practice Link
15:15:38.342 INFO  base.CheckPoint -Clearing Results Hash Map
15:15:39.482 INFO  base.CustomDriver -Clicked On :: BMW
15:15:39.498 INFO  base.CustomDriver -Element :: Checkbox BMW is selected
15:15:39.501 INFO  base.TestListeners -onTestSuccess -> Test Method Name: CheckboxBMW
15:15:39.506 INFO  base.CheckPoint -Clearing Results Hash Map
15:15:39.555 INFO  base.CustomDriver -Clicked On :: Benz
15:15:39.570 INFO  base.CustomDriver -Element :: Checkbox BENZ is selected
15:15:39.571 INFO  base.TestListeners -onTestSuccess -> Test Method Name: CheckboxBenz
15:15:39.571 INFO  base.CheckPoint -Clearing Results Hash Map
15:15:39.618 INFO  base.CustomDriver -Clicked On :: Honda
15:15:39.633 INFO  base.CustomDriver -Element :: Checkbox HONDA is selected
15:15:39.634 INFO  base.TestListeners -onTestSuccess -> Test Method Name: CheckboxHonda
15:15:39.634 INFO  base.CheckPoint -Clearing Results Hash Map
15:15:39.687 INFO  base.CustomDriver -Clicked On :: BENZ
15:15:39.702 INFO  base.CustomDriver -Element :: Radio BENZ is selected
15:15:39.702 INFO  base.TestListeners -onTestSuccess -> Test Method Name: clickRadioBtnBenz
15:15:39.702 INFO  base.CheckPoint -Clearing Results Hash Map
15:15:39.752 INFO  base.CustomDriver -Clicked On :: HONDA
15:15:39.768 INFO  base.CustomDriver -Element :: Radio HONDA is selected
15:15:39.768 INFO  base.TestListeners -onTestSuccess -> Test Method Name: clickRadioBtnHonda
15:15:39.768 INFO  base.CheckPoint -Clearing Results Hash Map
15:15:39.819 INFO  base.CustomDriver -Clicked On :: BMW
15:15:39.838 INFO  base.CustomDriver -Element :: Radio BMW is selected
15:15:39.838 INFO  base.TestListeners -onTestSuccess -> Test Method Name: clickRadioButtonBMW
15:15:39.838 INFO  base.CheckPoint -Clearing Results Hash Map
15:15:39.875 INFO  base.CustomDriver -Clicked On :: Apple
15:15:39.888 INFO  base.CustomDriver -Element :: Multiple APPLE is selected
15:15:39.888 INFO  base.TestListeners -onTestSuccess -> Test Method Name: multipleSelectionApple
15:15:39.889 INFO  base.CheckPoint -Clearing Results Hash Map
15:15:39.932 INFO  base.CustomDriver -Clicked On :: Orange
15:15:39.945 INFO  base.CustomDriver -Element :: Multiple ORANGE is selected
15:15:39.945 INFO  base.TestListeners -onTestSuccess -> Test Method Name: multipleSelectionOrange
15:15:39.946 INFO  base.CheckPoint -Clearing Results Hash Map
15:15:39.978 INFO  base.CustomDriver -Clicked On :: Peach
15:15:39.990 INFO  base.CustomDriver -Element :: Multiple PEACH is selected
15:15:39.990 INFO  base.TestListeners -onTestSuccess -> Test Method Name: multipleSelectionPeach
15:15:39.991 INFO  base.CheckPoint -Clearing Results Hash Map
15:15:40.021 INFO  base.CustomDriver -Clicked On :: BENZ
15:15:40.035 INFO  base.CustomDriver -Element :: Dropdown BENZ is selected
15:15:40.036 INFO  base.TestListeners -onTestSuccess -> Test Method Name: selectDropdownBenz
15:15:40.036 INFO  base.CheckPoint -Clearing Results Hash Map
15:15:40.066 INFO  base.CustomDriver -Clicked On :: BMW
15:15:40.080 INFO  base.CustomDriver -Element :: Dropdown BMW is selected
15:15:40.080 INFO  base.TestListeners -onTestSuccess -> Test Method Name: selectDropdownBmw
15:15:40.081 INFO  base.CheckPoint -Clearing Results Hash Map
15:15:40.109 INFO  base.CustomDriver -Clicked On :: Honda
15:15:40.124 INFO  base.CustomDriver -Element :: Dropdown HONDA is selected
15:15:40.124 INFO  base.TestListeners -onTestSuccess -> Test Method Name: selectDropdownHonda
15:15:40.124 INFO  base.CheckPoint -Clearing Results Hash Map
15:15:40.143 INFO  utilities.Util -Actual Text From Web Application UI   --> : Practice
15:15:40.143 INFO  utilities.Util -Expected Text From Web Application UI --> : Practice
15:15:40.143 INFO  utilities.Util -### Verification Contains !!!
15:15:40.143 INFO  base.TestListeners -onTestSuccess -> Test Method Name: verifyTitle
15:15:40.145 INFO  base.TestListeners -onFinish -> Test Tag Name: Application Test
16:57:42.319 INFO  utilities.Util -Current Date and Time :: 05_20_2020 16_57_42
16:57:42.324 INFO  utilities.ExtentManager -*********** Report Path ***********
16:57:42.324 INFO  utilities.ExtentManager -C:\Users\cheap\workspace\letskodeit/reports/AutomationReport_05_20_2020 16_57_42.html
16:57:42.324 INFO  utilities.ExtentManager -*********** Report Path ***********
16:57:42.485 INFO  base.TestListeners -onStart -> Test Tag Name: Application Test
16:57:42.485 INFO  base.TestListeners -These methods will be executed in this <test> tag
16:57:42.486 INFO  base.TestListeners -CheckboxBMW
16:57:42.486 INFO  base.TestListeners -CheckboxBenz
16:57:42.486 INFO  base.TestListeners -CheckboxHonda
16:57:42.486 INFO  base.TestListeners -clickRadioBtnBenz
16:57:42.486 INFO  base.TestListeners -clickRadioBtnHonda
16:57:42.486 INFO  base.TestListeners -clickRadioButtonBMW
16:57:42.486 INFO  base.TestListeners -multipleSelectionApple
16:57:42.486 INFO  base.TestListeners -multipleSelectionOrange
16:57:42.486 INFO  base.TestListeners -multipleSelectionPeach
16:57:42.486 INFO  base.TestListeners -selectDropdownBenz
16:57:42.486 INFO  base.TestListeners -selectDropdownBmw
16:57:42.486 INFO  base.TestListeners -selectDropdownHonda
16:57:42.486 INFO  base.TestListeners -switchWindow
16:57:42.486 INFO  base.TestListeners -verifyTitle
16:57:42.505 INFO  base.WebDriverFactory -OS Name from system property :: win
16:57:42.505 INFO  base.WebDriverFactory -Driver Binary :: C:\Users\cheap\workspace\letskodeit//drivers//chromedriver.exe
16:57:50.201 INFO  base.CustomDriver -Clicked On :: Login Link
16:57:52.798 INFO  base.CustomDriver -Send Keys on element :: Email Field with data :: asidcam@gmail.com
16:57:52.881 INFO  base.CustomDriver -Send Keys on element :: Password Field with data :: 246//Asid
16:57:56.766 INFO  base.CustomDriver -Clicked On :: Login Button
16:57:56.898 INFO  base.CustomDriver -Clicked On :: Practice Link
16:57:56.906 INFO  base.CheckPoint -Clearing Results Hash Map
16:57:58.682 INFO  base.CustomDriver -Clicked On :: BMW
16:57:58.698 INFO  base.CustomDriver -Element :: Checkbox BMW is selected
16:57:58.701 INFO  base.TestListeners -onTestSuccess -> Test Method Name: CheckboxBMW
16:57:58.706 INFO  base.CheckPoint -Clearing Results Hash Map
16:57:58.758 INFO  base.CustomDriver -Clicked On :: Benz
16:57:58.773 INFO  base.CustomDriver -Element :: Checkbox BENZ is selected
16:57:58.773 INFO  base.TestListeners -onTestSuccess -> Test Method Name: CheckboxBenz
16:57:58.774 INFO  base.CheckPoint -Clearing Results Hash Map
16:57:58.822 INFO  base.CustomDriver -Clicked On :: Honda
16:57:58.836 INFO  base.CustomDriver -Element :: Checkbox HONDA is selected
16:57:58.836 INFO  base.TestListeners -onTestSuccess -> Test Method Name: CheckboxHonda
16:57:58.837 INFO  base.CheckPoint -Clearing Results Hash Map
16:57:58.889 INFO  base.CustomDriver -Clicked On :: BENZ
16:57:58.905 INFO  base.CustomDriver -Element :: Radio BENZ is selected
16:57:58.905 INFO  base.TestListeners -onTestSuccess -> Test Method Name: clickRadioBtnBenz
16:57:58.906 INFO  base.CheckPoint -Clearing Results Hash Map
16:57:58.955 INFO  base.CustomDriver -Clicked On :: HONDA
16:57:58.970 INFO  base.CustomDriver -Element :: Radio HONDA is selected
16:57:58.970 INFO  base.TestListeners -onTestSuccess -> Test Method Name: clickRadioBtnHonda
16:57:58.970 INFO  base.CheckPoint -Clearing Results Hash Map
16:57:59.023 INFO  base.CustomDriver -Clicked On :: BMW
16:57:59.044 INFO  base.CustomDriver -Element :: Radio BMW is selected
16:57:59.044 INFO  base.TestListeners -onTestSuccess -> Test Method Name: clickRadioButtonBMW
16:57:59.044 INFO  base.CheckPoint -Clearing Results Hash Map
16:57:59.082 INFO  base.CustomDriver -Clicked On :: Apple
16:57:59.096 INFO  base.CustomDriver -Element :: Multiple APPLE is selected
16:57:59.096 INFO  base.TestListeners -onTestSuccess -> Test Method Name: multipleSelectionApple
16:57:59.097 INFO  base.CheckPoint -Clearing Results Hash Map
16:57:59.130 INFO  base.CustomDriver -Clicked On :: Orange
16:57:59.142 INFO  base.CustomDriver -Element :: Multiple ORANGE is selected
16:57:59.142 INFO  base.TestListeners -onTestSuccess -> Test Method Name: multipleSelectionOrange
16:57:59.143 INFO  base.CheckPoint -Clearing Results Hash Map
16:57:59.176 INFO  base.CustomDriver -Clicked On :: Peach
16:57:59.188 INFO  base.CustomDriver -Element :: Multiple PEACH is selected
16:57:59.188 INFO  base.TestListeners -onTestSuccess -> Test Method Name: multipleSelectionPeach
16:57:59.188 INFO  base.CheckPoint -Clearing Results Hash Map
16:57:59.219 INFO  base.CustomDriver -Clicked On :: BENZ
16:57:59.234 INFO  base.CustomDriver -Element :: Dropdown BENZ is selected
16:57:59.234 INFO  base.TestListeners -onTestSuccess -> Test Method Name: selectDropdownBenz
16:57:59.235 INFO  base.CheckPoint -Clearing Results Hash Map
16:57:59.263 INFO  base.CustomDriver -Clicked On :: BMW
16:57:59.277 INFO  base.CustomDriver -Element :: Dropdown BMW is selected
16:57:59.277 INFO  base.TestListeners -onTestSuccess -> Test Method Name: selectDropdownBmw
16:57:59.278 INFO  base.CheckPoint -Clearing Results Hash Map
16:57:59.307 INFO  base.CustomDriver -Clicked On :: Honda
16:57:59.327 INFO  base.CustomDriver -Element :: Dropdown HONDA is selected
16:57:59.327 INFO  base.TestListeners -onTestSuccess -> Test Method Name: selectDropdownHonda
16:57:59.327 INFO  base.CheckPoint -Clearing Results Hash Map
16:57:59.643 INFO  base.CustomDriver -Clicked On :: Open Window
16:57:59.645 INFO  base.CustomDriver -Parent handle: CDwindow-9B07A5679599E91B6AEDCDD5C212738B
16:57:59.653 INFO  base.CustomDriver -[CDwindow-9B07A5679599E91B6AEDCDD5C212738B, CDwindow-E19DAE24C1627F555A515A01545C4FA1]
16:57:59.653 INFO  base.CustomDriver -[CDwindow-9B07A5679599E91B6AEDCDD5C212738B, CDwindow-E19DAE24C1627F555A515A01545C4FA1]
16:57:59.669 INFO  base.TestListeners -onTestSuccess -> Test Method Name: switchWindow
16:57:59.670 INFO  base.CheckPoint -Clearing Results Hash Map
16:57:59.694 INFO  utilities.Util -Actual Text From Web Application UI   --> : Practice
16:57:59.694 INFO  utilities.Util -Expected Text From Web Application UI --> : Practice
16:57:59.694 INFO  utilities.Util -### Verification Contains !!!
16:57:59.695 INFO  base.TestListeners -onTestSuccess -> Test Method Name: verifyTitle
16:57:59.697 INFO  base.TestListeners -onFinish -> Test Tag Name: Application Test
