17:58:37.027 INFO  utilities.Util -Current Date and Time :: 05_18_2020 17_58_37
17:58:37.041 INFO  utilities.ExtentManager -*********** Report Path ***********
17:58:37.041 INFO  utilities.ExtentManager -C:\Users\cheap\workspace\letskodeit/reports/AutomationReport_05_18_2020 17_58_37.html
17:58:37.041 INFO  utilities.ExtentManager -*********** Report Path ***********
17:58:37.196 INFO  base.TestListeners -onStart -> Test Tag Name: Application Test
17:58:37.197 INFO  base.TestListeners -These methods will be executed in this <test> tag
17:58:37.197 INFO  base.TestListeners -clickRadioBtnBenz
17:58:37.197 INFO  base.TestListeners -clickRadioBtnHonda
17:58:37.197 INFO  base.TestListeners -clickRadioButtonBMW
17:58:37.197 INFO  base.TestListeners -multipleSelect
17:58:37.197 INFO  base.TestListeners -selectDrpdownCars
17:58:37.197 INFO  base.TestListeners -verifyTitle
17:58:37.220 INFO  base.WebDriverFactory -OS Name from system property :: win
17:58:37.220 INFO  base.WebDriverFactory -Driver Binary :: C:\Users\cheap\workspace\letskodeit//drivers//chromedriver.exe
17:58:45.193 INFO  base.CustomDriver -Clicked On :: Login Link
17:58:48.098 INFO  base.CustomDriver -Send Keys on element :: Email Field with data :: asidcam@gmail.com
17:58:48.184 INFO  base.CustomDriver -Send Keys on element :: Password Field with data :: 246//Asid
17:58:51.818 INFO  base.CustomDriver -Clicked On :: Login Button
17:58:51.926 INFO  base.CustomDriver -Clicked On :: Practice Link
17:58:51.937 INFO  base.CheckPoint -Clearing Results Hash Map
17:58:53.119 INFO  base.CustomDriver -Clicked On :: BENZ
17:58:53.135 INFO  base.CustomDriver -Element :: Radio BENZ is selected
17:58:53.138 INFO  base.TestListeners -onTestSuccess -> Test Method Name: clickRadioBtnBenz
17:58:53.143 INFO  base.CheckPoint -Clearing Results Hash Map
17:58:53.202 INFO  base.CustomDriver -Clicked On :: HONDA
17:58:53.216 INFO  base.CustomDriver -Element :: Radio HONDA is selected
17:58:53.216 INFO  base.TestListeners -onTestSuccess -> Test Method Name: clickRadioBtnHonda
17:58:53.217 INFO  base.CheckPoint -Clearing Results Hash Map
17:58:53.269 INFO  base.CustomDriver -Clicked On :: BMW
17:58:53.283 INFO  base.CustomDriver -Element :: Radio BMW is selected
17:58:53.283 INFO  base.TestListeners -onTestSuccess -> Test Method Name: clickRadioButtonBMW
17:58:53.284 INFO  base.CheckPoint -Clearing Results Hash Map
17:58:53.336 INFO  base.CustomDriver -Clicked On :: Multiple select example
17:58:53.458 INFO  base.TestListeners -onTestSuccess -> Test Method Name: multipleSelect
17:58:53.464 INFO  base.TestListeners -onTestFailure -> Test Method Name: selectDrpdownCars
17:58:53.464 INFO  base.WebDriverFactory -OS Name from system property :: win
17:58:53.464 INFO  base.WebDriverFactory -Driver Binary :: C:\Users\cheap\workspace\letskodeit//drivers//chromedriver.exe
17:58:53.464 INFO  utilities.Util -Current Date and Time :: 05_18_2020 17_58_53
17:58:54.127 INFO  base.CustomDriver -Screen Shot Was Stored at: C:\Users\cheap\workspace\letskodeit/screenshots/chrome_selectDrpdownCars_05_18_2020 17_58_53.png
17:58:54.129 INFO  base.CheckPoint -Clearing Results Hash Map
17:58:54.184 INFO  utilities.Util -Actual Text From Web Application UI   --> : Practice
17:58:54.184 INFO  utilities.Util -Expected Text From Web Application UI --> : Practice
17:58:54.184 INFO  utilities.Util -### Verification Contains !!!
17:58:54.184 INFO  base.TestListeners -onTestSuccess -> Test Method Name: verifyTitle
17:58:54.186 INFO  base.TestListeners -onFinish -> Test Tag Name: Application Test
20:33:03.082 INFO  utilities.Util -Current Date and Time :: 05_18_2020 20_33_03
20:33:03.087 INFO  utilities.ExtentManager -*********** Report Path ***********
20:33:03.088 INFO  utilities.ExtentManager -C:\Users\cheap\workspace\letskodeit/reports/AutomationReport_05_18_2020 20_33_03.html
20:33:03.088 INFO  utilities.ExtentManager -*********** Report Path ***********
20:33:03.263 INFO  base.TestListeners -onStart -> Test Tag Name: Application Test
20:33:03.264 INFO  base.TestListeners -These methods will be executed in this <test> tag
20:33:03.264 INFO  base.TestListeners -clickRadioBtnBenz
20:33:03.264 INFO  base.TestListeners -clickRadioBtnHonda
20:33:03.264 INFO  base.TestListeners -clickRadioButtonBMW
20:33:03.264 INFO  base.TestListeners -multipleSelect
20:33:03.264 INFO  base.TestListeners -selectDropdownCars
20:33:03.264 INFO  base.TestListeners -verifyTitle
20:33:03.289 INFO  base.WebDriverFactory -OS Name from system property :: win
20:33:03.289 INFO  base.WebDriverFactory -Driver Binary :: C:\Users\cheap\workspace\letskodeit//drivers//chromedriver.exe
20:33:11.076 INFO  base.CustomDriver -Clicked On :: Login Link
20:33:13.828 INFO  base.CustomDriver -Send Keys on element :: Email Field with data :: asidcam@gmail.com
20:33:13.910 INFO  base.CustomDriver -Send Keys on element :: Password Field with data :: 246//Asid
20:33:17.360 INFO  base.CustomDriver -Clicked On :: Login Button
20:33:17.452 INFO  base.CustomDriver -Clicked On :: Practice Link
20:33:17.460 INFO  base.CheckPoint -Clearing Results Hash Map
20:33:18.451 INFO  base.CustomDriver -Clicked On :: BENZ
20:33:18.466 INFO  base.CustomDriver -Element :: Radio BENZ is selected
20:33:18.469 INFO  base.TestListeners -onTestSuccess -> Test Method Name: clickRadioBtnBenz
20:33:18.475 INFO  base.CheckPoint -Clearing Results Hash Map
20:33:18.531 INFO  base.CustomDriver -Clicked On :: HONDA
20:33:18.544 INFO  base.CustomDriver -Element :: Radio HONDA is selected
20:33:18.545 INFO  base.TestListeners -onTestSuccess -> Test Method Name: clickRadioBtnHonda
20:33:18.545 INFO  base.CheckPoint -Clearing Results Hash Map
20:33:18.594 INFO  base.CustomDriver -Clicked On :: BMW
20:33:18.609 INFO  base.CustomDriver -Element :: Radio BMW is selected
20:33:18.609 INFO  base.TestListeners -onTestSuccess -> Test Method Name: clickRadioButtonBMW
20:33:18.610 INFO  base.CheckPoint -Clearing Results Hash Map
20:33:18.661 INFO  base.CustomDriver -Clicked On :: Multiple select example
20:33:18.784 INFO  base.TestListeners -onTestSuccess -> Test Method Name: multipleSelect
20:33:18.785 INFO  base.CheckPoint -Clearing Results Hash Map
20:33:18.837 INFO  base.CustomDriver -Clicked On :: Select class Example
20:33:18.866 INFO  base.CustomDriver -Clicked On :: BMW
20:33:18.895 INFO  base.CustomDriver -Clicked On :: BENZ
20:33:19.054 INFO  base.CustomDriver -Clicked On :: HONDA
20:33:19.182 INFO  base.CustomDriver -Element :: Dropdown BENZ is already selected
20:33:19.183 INFO  base.TestListeners -onTestFailure -> Test Method Name: selectDropdownCars
20:33:19.183 INFO  base.WebDriverFactory -OS Name from system property :: win
20:33:19.183 INFO  base.WebDriverFactory -Driver Binary :: C:\Users\cheap\workspace\letskodeit//drivers//chromedriver.exe
20:33:19.184 INFO  utilities.Util -Current Date and Time :: 05_18_2020 20_33_19
20:33:19.747 INFO  base.CustomDriver -Screen Shot Was Stored at: C:\Users\cheap\workspace\letskodeit/screenshots/chrome_selectDropdownCars_05_18_2020 20_33_19.png
20:33:19.753 INFO  base.CheckPoint -Clearing Results Hash Map
20:33:19.844 INFO  utilities.Util -Actual Text From Web Application UI   --> : Practice
20:33:19.844 INFO  utilities.Util -Expected Text From Web Application UI --> : Practice
20:33:19.844 INFO  utilities.Util -### Verification Contains !!!
20:33:19.845 INFO  base.TestListeners -onTestSuccess -> Test Method Name: verifyTitle
20:33:19.846 INFO  base.TestListeners -onFinish -> Test Tag Name: Application Test
20:36:08.846 INFO  utilities.Util -Current Date and Time :: 05_18_2020 20_36_08
20:36:08.850 INFO  utilities.ExtentManager -*********** Report Path ***********
20:36:08.850 INFO  utilities.ExtentManager -C:\Users\cheap\workspace\letskodeit/reports/AutomationReport_05_18_2020 20_36_08.html
20:36:08.850 INFO  utilities.ExtentManager -*********** Report Path ***********
20:36:08.987 INFO  base.TestListeners -onStart -> Test Tag Name: Application Test
20:36:08.987 INFO  base.TestListeners -These methods will be executed in this <test> tag
20:36:08.987 INFO  base.TestListeners -clickRadioBtnBenz
20:36:08.987 INFO  base.TestListeners -clickRadioBtnHonda
20:36:08.987 INFO  base.TestListeners -clickRadioButtonBMW
20:36:08.988 INFO  base.TestListeners -multipleSelect
20:36:08.988 INFO  base.TestListeners -selectDropdownCars
20:36:08.988 INFO  base.TestListeners -verifyTitle
20:36:09.006 INFO  base.WebDriverFactory -OS Name from system property :: win
20:36:09.006 INFO  base.WebDriverFactory -Driver Binary :: C:\Users\cheap\workspace\letskodeit//drivers//chromedriver.exe
20:36:18.633 INFO  base.CustomDriver -Clicked On :: Login Link
20:36:21.667 INFO  base.CustomDriver -Send Keys on element :: Email Field with data :: asidcam@gmail.com
20:36:21.751 INFO  base.CustomDriver -Send Keys on element :: Password Field with data :: 246//Asid
20:36:24.591 INFO  base.CustomDriver -Clicked On :: Login Button
20:36:24.668 INFO  base.CustomDriver -Clicked On :: Practice Link
20:36:24.676 INFO  base.CheckPoint -Clearing Results Hash Map
20:36:26.267 INFO  base.CustomDriver -Clicked On :: BENZ
20:36:26.281 INFO  base.CustomDriver -Element :: Radio BENZ is selected
20:36:26.283 INFO  base.TestListeners -onTestSuccess -> Test Method Name: clickRadioBtnBenz
20:36:26.289 INFO  base.CheckPoint -Clearing Results Hash Map
20:36:26.347 INFO  base.CustomDriver -Clicked On :: HONDA
20:36:26.363 INFO  base.CustomDriver -Element :: Radio HONDA is selected
20:36:26.363 INFO  base.TestListeners -onTestSuccess -> Test Method Name: clickRadioBtnHonda
20:36:26.364 INFO  base.CheckPoint -Clearing Results Hash Map
20:36:26.410 INFO  base.CustomDriver -Clicked On :: BMW
20:36:26.425 INFO  base.CustomDriver -Element :: Radio BMW is selected
20:36:26.425 INFO  base.TestListeners -onTestSuccess -> Test Method Name: clickRadioButtonBMW
20:36:26.425 INFO  base.CheckPoint -Clearing Results Hash Map
20:36:26.477 INFO  base.CustomDriver -Clicked On :: Multiple select example
20:36:26.595 INFO  base.TestListeners -onTestSuccess -> Test Method Name: multipleSelect
20:36:26.596 INFO  base.CheckPoint -Clearing Results Hash Map
20:36:26.660 INFO  base.CustomDriver -Clicked On :: Select class Example
20:36:26.694 INFO  base.CustomDriver -Clicked On :: BMW
20:36:26.724 INFO  base.CustomDriver -Clicked On :: BENZ
20:36:26.755 INFO  base.CustomDriver -Clicked On :: HONDA
20:36:26.768 INFO  base.CustomDriver -Element :: Dropdown BENZ is already selected
20:36:26.773 INFO  base.TestListeners -onTestFailure -> Test Method Name: selectDropdownCars
20:36:26.773 INFO  base.WebDriverFactory -OS Name from system property :: win
20:36:26.773 INFO  base.WebDriverFactory -Driver Binary :: C:\Users\cheap\workspace\letskodeit//drivers//chromedriver.exe
20:36:26.774 INFO  utilities.Util -Current Date and Time :: 05_18_2020 20_36_26
20:36:27.297 INFO  base.CustomDriver -Screen Shot Was Stored at: C:\Users\cheap\workspace\letskodeit/screenshots/chrome_selectDropdownCars_05_18_2020 20_36_26.png
20:36:27.300 INFO  base.CheckPoint -Clearing Results Hash Map
20:36:27.338 INFO  utilities.Util -Actual Text From Web Application UI   --> : Practice
20:36:27.338 INFO  utilities.Util -Expected Text From Web Application UI --> : Practice
20:36:27.338 INFO  utilities.Util -### Verification Contains !!!
20:36:27.339 INFO  base.TestListeners -onTestSuccess -> Test Method Name: verifyTitle
20:36:27.342 INFO  base.TestListeners -onFinish -> Test Tag Name: Application Test
20:38:08.792 INFO  utilities.Util -Current Date and Time :: 05_18_2020 20_38_08
20:38:08.796 INFO  utilities.ExtentManager -*********** Report Path ***********
20:38:08.797 INFO  utilities.ExtentManager -C:\Users\cheap\workspace\letskodeit/reports/AutomationReport_05_18_2020 20_38_08.html
20:38:08.797 INFO  utilities.ExtentManager -*********** Report Path ***********
20:38:08.933 INFO  base.TestListeners -onStart -> Test Tag Name: Application Test
20:38:08.933 INFO  base.TestListeners -These methods will be executed in this <test> tag
20:38:08.934 INFO  base.TestListeners -clickRadioBtnBenz
20:38:08.934 INFO  base.TestListeners -clickRadioBtnHonda
20:38:08.934 INFO  base.TestListeners -clickRadioButtonBMW
20:38:08.934 INFO  base.TestListeners -multipleSelect
20:38:08.934 INFO  base.TestListeners -selectDropdownCars
20:38:08.934 INFO  base.TestListeners -verifyTitle
20:38:08.952 INFO  base.WebDriverFactory -OS Name from system property :: win
20:38:08.952 INFO  base.WebDriverFactory -Driver Binary :: C:\Users\cheap\workspace\letskodeit//drivers//chromedriver.exe
20:38:18.847 INFO  base.CustomDriver -Clicked On :: Login Link
20:38:21.475 INFO  base.CustomDriver -Send Keys on element :: Email Field with data :: asidcam@gmail.com
20:38:21.560 INFO  base.CustomDriver -Send Keys on element :: Password Field with data :: 246//Asid
20:38:25.564 INFO  base.CustomDriver -Clicked On :: Login Button
20:38:25.647 INFO  base.CustomDriver -Clicked On :: Practice Link
20:38:25.655 INFO  base.CheckPoint -Clearing Results Hash Map
20:38:27.012 INFO  base.CustomDriver -Clicked On :: BENZ
20:38:27.028 INFO  base.CustomDriver -Element :: Radio BENZ is selected
20:38:27.030 INFO  base.TestListeners -onTestSuccess -> Test Method Name: clickRadioBtnBenz
20:38:27.035 INFO  base.CheckPoint -Clearing Results Hash Map
20:38:27.097 INFO  base.CustomDriver -Clicked On :: HONDA
20:38:27.113 INFO  base.CustomDriver -Element :: Radio HONDA is selected
20:38:27.113 INFO  base.TestListeners -onTestSuccess -> Test Method Name: clickRadioBtnHonda
20:38:27.114 INFO  base.CheckPoint -Clearing Results Hash Map
20:38:27.161 INFO  base.CustomDriver -Clicked On :: BMW
20:38:27.176 INFO  base.CustomDriver -Element :: Radio BMW is selected
20:38:27.176 INFO  base.TestListeners -onTestSuccess -> Test Method Name: clickRadioButtonBMW
20:38:27.176 INFO  base.CheckPoint -Clearing Results Hash Map
20:38:27.227 INFO  base.CustomDriver -Clicked On :: Multiple select example
20:38:27.346 INFO  base.TestListeners -onTestSuccess -> Test Method Name: multipleSelect
20:38:27.347 INFO  base.CheckPoint -Clearing Results Hash Map
20:38:27.400 INFO  base.CustomDriver -Clicked On :: Select class Example
20:38:27.431 INFO  base.CustomDriver -Clicked On :: BMW
20:38:27.467 INFO  base.CustomDriver -Clicked On :: BENZ
20:38:27.498 INFO  base.CustomDriver -Clicked On :: HONDA
20:38:27.512 INFO  base.CustomDriver -Element :: Dropdown is already selected
20:38:27.516 INFO  base.TestListeners -onTestFailure -> Test Method Name: selectDropdownCars
20:38:27.517 INFO  base.WebDriverFactory -OS Name from system property :: win
20:38:27.517 INFO  base.WebDriverFactory -Driver Binary :: C:\Users\cheap\workspace\letskodeit//drivers//chromedriver.exe
20:38:27.517 INFO  utilities.Util -Current Date and Time :: 05_18_2020 20_38_27
20:38:28.021 INFO  base.CustomDriver -Screen Shot Was Stored at: C:\Users\cheap\workspace\letskodeit/screenshots/chrome_selectDropdownCars_05_18_2020 20_38_27.png
20:38:28.023 INFO  base.CheckPoint -Clearing Results Hash Map
20:38:28.248 INFO  utilities.Util -Actual Text From Web Application UI   --> : Practice
20:38:28.248 INFO  utilities.Util -Expected Text From Web Application UI --> : Practice
20:38:28.248 INFO  utilities.Util -### Verification Contains !!!
20:38:28.248 INFO  base.TestListeners -onTestSuccess -> Test Method Name: verifyTitle
20:38:28.250 INFO  base.TestListeners -onFinish -> Test Tag Name: Application Test
