16:32:03.561 INFO  utilities.Util -Current Date and Time :: 05_14_2020 16_32_03
16:32:03.571 INFO  utilities.ExtentManager -*********** Report Path ***********
16:32:03.571 INFO  utilities.ExtentManager -C:\Users\cheap\workspace\letskodeit/reports/AutomationReport_05_14_2020 16_32_03.html
16:32:03.571 INFO  utilities.ExtentManager -*********** Report Path ***********
16:32:03.746 INFO  base.TestListeners -onStart -> Test Tag Name: Application Test
16:32:03.746 INFO  base.TestListeners -These methods will be executed in this <test> tag
16:32:03.746 INFO  base.TestListeners -filterByCategory
16:32:03.747 INFO  base.TestListeners -verifySearchCourse
16:32:03.747 INFO  base.TestListeners -testInvalidLogin
16:32:03.747 INFO  base.TestListeners -testLogin
16:32:03.747 INFO  base.TestListeners -clickRadioButtonBMW
16:32:03.747 INFO  base.TestListeners -verifyTitle
16:32:03.766 INFO  base.WebDriverFactory -OS Name from system property :: win
16:32:03.766 INFO  base.WebDriverFactory -Driver Binary :: C:\Users\cheap\workspace\letskodeit//drivers//chromedriver.exe
16:32:11.124 INFO  base.CustomDriver -Clicked On :: Login Link
16:32:11.628 INFO  base.CheckPoint -Clearing Results Hash Map
16:32:14.055 INFO  base.CustomDriver -Send Keys on element :: Email Field with data :: asidcam@gmail.com
16:32:14.129 INFO  base.CustomDriver -Send Keys on element :: Password Field with data :: abcabc
16:32:15.379 INFO  base.CustomDriver -Clicked On :: Login Button
16:32:25.439 INFO  base.CustomDriver -Element List not found with: class=>gravatar
16:32:25.439 INFO  utilities.Util -Size of list :: 0
16:32:25.439 ERROR utilities.Util -List is empty
16:32:25.444 INFO  base.TestListeners -onTestSuccess -> Test Method Name: testInvalidLogin
16:32:35.501 INFO  base.CustomDriver -Element List not found with: class=>gravatar
16:32:35.501 INFO  utilities.Util -Size of list :: 0
16:32:35.501 ERROR utilities.Util -List is empty
16:32:35.502 INFO  base.CheckPoint -Clearing Results Hash Map
16:32:35.661 INFO  base.CustomDriver -Send Keys on element :: Email Field with data :: asidcam@email.com
16:32:35.744 INFO  base.CustomDriver -Send Keys on element :: Password Field with data :: 246//Asid
16:32:37.430 INFO  base.CustomDriver -Clicked On :: Login Button
16:32:47.473 INFO  base.CustomDriver -Element List not found with: class=>gravatar
16:32:47.473 INFO  utilities.Util -Size of list :: 0
16:32:47.473 ERROR utilities.Util -List is empty
16:32:47.473 INFO  base.TestListeners -onTestSuccess -> Test Method Name: testInvalidLogin
16:32:57.531 INFO  base.CustomDriver -Element List not found with: class=>gravatar
16:32:57.531 INFO  utilities.Util -Size of list :: 0
16:32:57.531 ERROR utilities.Util -List is empty
16:32:57.533 INFO  base.CheckPoint -Clearing Results Hash Map
16:32:57.700 INFO  base.CustomDriver -Send Keys on element :: Email Field with data :: asidcam@gmail.com
16:32:57.779 INFO  base.CustomDriver -Send Keys on element :: Password Field with data :: 246//Asid
16:33:01.707 INFO  base.CustomDriver -Clicked On :: Login Button
16:33:01.755 ERROR utilities.Util -Actual Text From Web Application UI   --> : All Courses
16:33:01.756 ERROR utilities.Util -Expected Text From Web Application UI --> : All Coursessss
16:33:01.756 ERROR utilities.Util -### Verification DOES NOT Contains !!!
16:33:01.756 INFO  base.CheckPoint -test-01.header verification :-> FAIL
16:33:01.766 INFO  base.CustomDriver -Element List found with: class=>gravatar
16:33:01.766 INFO  utilities.Util -Size of list :: 1
16:33:01.766 INFO  utilities.Util -List is not empty
16:33:01.766 INFO  base.CheckPoint -test-01.login verification :-> PASS
16:33:01.766 INFO  base.CheckPoint -Test Method Failed
16:33:01.767 INFO  base.TestListeners -onTestFailure -> Test Method Name: testLogin
16:33:01.768 INFO  base.WebDriverFactory -OS Name from system property :: win
16:33:01.768 INFO  base.WebDriverFactory -Driver Binary :: C:\Users\cheap\workspace\letskodeit//drivers//chromedriver.exe
16:33:01.768 INFO  utilities.Util -Current Date and Time :: 05_14_2020 16_33_01
16:33:02.480 INFO  base.CustomDriver -Screen Shot Was Stored at: C:\Users\cheap\workspace\letskodeit/screenshots/chrome_testLogin_05_14_2020 16_33_01.png
16:33:02.494 INFO  base.CustomDriver -Element List found with: class=>gravatar
16:33:02.494 INFO  utilities.Util -Size of list :: 1
16:33:02.494 INFO  utilities.Util -List is not empty
16:33:02.537 INFO  base.CustomDriver -Clicked On :: User Account Icon
16:33:02.540 INFO  base.CustomDriver -Waiting for max:: 10 seconds for element to be available
16:33:02.581 INFO  base.CustomDriver -Element appeared on the web page
16:33:04.113 INFO  base.CustomDriver -Clicked on :: Logout Link
16:33:04.195 INFO  base.CustomDriver -Clicked On :: Login Link
16:33:04.197 INFO  base.WebDriverFactory -OS Name from system property :: win
16:33:04.197 INFO  base.WebDriverFactory -Driver Binary :: C:\Users\cheap\workspace\letskodeit//drivers//chromedriver.exe
16:33:08.318 ERROR base.CustomDriver -Element not found with: xpath=>//a[@href='/sign_in']
16:33:08.319 ERROR base.CustomDriver -Cannot click on :: Login Link
16:33:08.320 INFO  utilities.Util -Current Date and Time :: 05_14_2020 16_33_08
16:33:08.788 INFO  base.CustomDriver -Screen Shot Was Stored at: C:\Users\cheap\workspace\letskodeit/screenshots/_Click ERROR_05_14_2020 16_33_08.png
16:33:08.940 INFO  base.CustomDriver -Send Keys on element :: Email Field with data :: asidcam@gmail.com
16:33:09.025 INFO  base.CustomDriver -Send Keys on element :: Password Field with data :: 246//Asid
16:33:12.536 INFO  base.CustomDriver -Clicked On :: Login Button
16:33:12.573 INFO  base.CheckPoint -Clearing Results Hash Map
16:33:12.628 INFO  base.CustomDriver -Clicked On :: All Courses Link
16:33:12.677 INFO  base.CustomDriver -Clicked On :: Category Dropdown
16:33:12.680 INFO  base.CustomDriver -Waiting for max:: 15 seconds for element to be clickable
16:33:12.719 INFO  base.CustomDriver -Element is clickable on the web page
16:33:13.768 INFO  base.CustomDriver -Clicked on :: Category Option
16:33:13.838 INFO  base.CustomDriver -Clicked On :: Category Dropdown
16:33:13.841 INFO  base.CustomDriver -Waiting for max:: 15 seconds for element to be clickable
16:33:13.882 INFO  base.CustomDriver -Element is clickable on the web page
16:33:13.894 INFO  base.CustomDriver -The text is : Software IT (4)
16:33:13.925 INFO  base.CustomDriver -Clicked On :: Category Dropdown
16:33:13.935 INFO  base.CustomDriver -Element List found with: xpath=>//div[@class='course-listing']
16:33:13.935 INFO  base.CheckPoint -test-03.filter by category verification :-> PASS
16:33:13.935 INFO  base.CheckPoint -Test Method Successful
16:33:13.935 INFO  base.TestListeners -onTestSuccess -> Test Method Name: filterByCategory
16:33:13.937 INFO  base.CheckPoint -Clearing Results Hash Map
16:33:13.977 INFO  base.CustomDriver -Clicked On :: All Courses Link
16:33:14.092 INFO  base.CustomDriver -Send Keys on element :: Search Course field with data :: rest api
16:33:14.879 INFO  base.CustomDriver -Clicked On :: Search Course Button
16:33:14.887 INFO  base.CustomDriver -Element List found with: xpath=>//div[@class='course-listing']
16:33:14.892 INFO  base.CheckPoint -test-02.search course verification :-> PASS
16:33:14.892 INFO  base.CheckPoint -Test Method Successful
16:33:14.892 INFO  base.TestListeners -onTestSuccess -> Test Method Name: verifySearchCourse
16:33:14.892 INFO  base.CheckPoint -Clearing Results Hash Map
16:33:14.934 INFO  base.CustomDriver -Clicked On :: All Courses Link
16:33:15.049 INFO  base.CustomDriver -Send Keys on element :: Search Course field with data :: javascript
16:33:15.744 INFO  base.CustomDriver -Clicked On :: Search Course Button
16:33:15.752 INFO  base.CustomDriver -Element List found with: xpath=>//div[@class='course-listing']
16:33:15.757 INFO  base.CheckPoint -test-02.search course verification :-> PASS
16:33:15.757 INFO  base.CheckPoint -Test Method Successful
16:33:15.757 INFO  base.TestListeners -onTestSuccess -> Test Method Name: verifySearchCourse
16:33:15.760 INFO  base.WebDriverFactory -OS Name from system property :: win
16:33:15.760 INFO  base.WebDriverFactory -Driver Binary :: C:\Users\cheap\workspace\letskodeit//drivers//chromedriver.exe
16:33:20.083 ERROR base.CustomDriver -Element not found with: xpath=>//a[@href='/sign_in']
16:33:20.084 ERROR base.CustomDriver -Cannot click on :: Login Link
16:33:20.085 INFO  utilities.Util -Current Date and Time :: 05_14_2020 16_33_20
16:33:20.740 INFO  base.CustomDriver -Screen Shot Was Stored at: C:\Users\cheap\workspace\letskodeit/screenshots/_Click ERROR_05_14_2020 16_33_20.png
16:33:23.792 ERROR base.CustomDriver -Element not found with: id=>user_email
16:33:23.795 ERROR base.CustomDriver -Cannot send keys on element :: Email Field with data :: asidcam@gmail.com
16:33:26.830 ERROR base.CustomDriver -Element not found with: id=>user_password
16:33:26.830 ERROR base.CustomDriver -Cannot send keys on element :: Password Field with data :: 246//Asid
16:33:29.864 ERROR base.CustomDriver -Element not found with: name=>commit
16:33:29.867 ERROR base.CustomDriver -Cannot click on :: Login Button
16:33:29.867 INFO  utilities.Util -Current Date and Time :: 05_14_2020 16_33_29
16:33:30.494 INFO  base.CustomDriver -Screen Shot Was Stored at: C:\Users\cheap\workspace\letskodeit/screenshots/_Click ERROR_05_14_2020 16_33_29.png
16:33:30.495 INFO  base.CheckPoint -Clearing Results Hash Map
16:33:30.552 INFO  base.CustomDriver -Clicked On :: Practice Link
16:33:31.827 INFO  base.CustomDriver -Clicked On :: BMW
16:33:31.876 INFO  base.CustomDriver -Clicked On :: BENZ
16:33:31.927 INFO  base.CustomDriver -Clicked On :: HONDA
16:33:31.927 INFO  base.TestListeners -onTestFailure -> Test Method Name: clickRadioButtonBMW
16:33:31.927 INFO  base.WebDriverFactory -OS Name from system property :: win
16:33:31.927 INFO  base.WebDriverFactory -Driver Binary :: C:\Users\cheap\workspace\letskodeit//drivers//chromedriver.exe
16:33:31.927 INFO  utilities.Util -Current Date and Time :: 05_14_2020 16_33_31
16:33:32.438 INFO  base.CustomDriver -Screen Shot Was Stored at: C:\Users\cheap\workspace\letskodeit/screenshots/chrome_clickRadioButtonBMW_05_14_2020 16_33_31.png
16:33:32.440 INFO  base.CheckPoint -Clearing Results Hash Map
16:33:32.763 INFO  base.CustomDriver -Clicked On :: Practice Link
16:33:32.782 INFO  utilities.Util -Actual Text From Web Application UI   --> : Practice
16:33:32.783 INFO  utilities.Util -Expected Text From Web Application UI --> : Practice
16:33:32.783 INFO  utilities.Util -### Verification Contains !!!
16:33:32.783 INFO  base.TestListeners -onTestSuccess -> Test Method Name: verifyTitle
16:33:32.784 INFO  base.TestListeners -onFinish -> Test Tag Name: Application Test
17:03:55.665 INFO  utilities.Util -Current Date and Time :: 05_14_2020 17_03_55
17:03:55.670 INFO  utilities.ExtentManager -*********** Report Path ***********
17:03:55.670 INFO  utilities.ExtentManager -C:\Users\cheap\workspace\letskodeit/reports/AutomationReport_05_14_2020 17_03_55.html
17:03:55.670 INFO  utilities.ExtentManager -*********** Report Path ***********
17:03:55.825 INFO  base.TestListeners -onStart -> Test Tag Name: Application Test
17:03:55.825 INFO  base.TestListeners -These methods will be executed in this <test> tag
17:03:55.825 INFO  base.TestListeners -filterByCategory
17:03:55.825 INFO  base.TestListeners -verifySearchCourse
17:03:55.826 INFO  base.TestListeners -testInvalidLogin
17:03:55.826 INFO  base.TestListeners -testLogin
17:03:55.826 INFO  base.TestListeners -clickRadioButtonBMW
17:03:55.826 INFO  base.TestListeners -verifyTitle
17:03:55.846 INFO  base.WebDriverFactory -OS Name from system property :: win
17:03:55.846 INFO  base.WebDriverFactory -Driver Binary :: C:\Users\cheap\workspace\letskodeit//drivers//chromedriver.exe
17:04:03.485 INFO  base.CustomDriver -Clicked On :: Login Link
17:04:03.870 INFO  base.CheckPoint -Clearing Results Hash Map
17:04:06.168 INFO  base.CustomDriver -Send Keys on element :: Email Field with data :: asidcam@gmail.com
17:04:06.241 INFO  base.CustomDriver -Send Keys on element :: Password Field with data :: abcabc
17:04:07.458 INFO  base.CustomDriver -Clicked On :: Login Button
17:04:17.519 INFO  base.CustomDriver -Element List not found with: class=>gravatar
17:04:17.519 INFO  utilities.Util -Size of list :: 0
17:04:17.519 ERROR utilities.Util -List is empty
17:04:17.521 INFO  base.TestListeners -onTestSuccess -> Test Method Name: testInvalidLogin
17:04:27.570 INFO  base.CustomDriver -Element List not found with: class=>gravatar
17:04:27.570 INFO  utilities.Util -Size of list :: 0
17:04:27.570 ERROR utilities.Util -List is empty
17:04:27.572 INFO  base.CheckPoint -Clearing Results Hash Map
17:04:27.732 INFO  base.CustomDriver -Send Keys on element :: Email Field with data :: asidcam@email.com
17:04:27.814 INFO  base.CustomDriver -Send Keys on element :: Password Field with data :: 246//Asid
17:04:29.591 INFO  base.CustomDriver -Clicked On :: Login Button
17:04:39.657 INFO  base.CustomDriver -Element List not found with: class=>gravatar
17:04:39.657 INFO  utilities.Util -Size of list :: 0
17:04:39.657 ERROR utilities.Util -List is empty
17:04:39.658 INFO  base.TestListeners -onTestSuccess -> Test Method Name: testInvalidLogin
17:04:49.682 INFO  base.CustomDriver -Element List not found with: class=>gravatar
17:04:49.683 INFO  utilities.Util -Size of list :: 0
17:04:49.683 ERROR utilities.Util -List is empty
17:04:49.685 INFO  base.CheckPoint -Clearing Results Hash Map
17:04:49.854 INFO  base.CustomDriver -Send Keys on element :: Email Field with data :: asidcam@gmail.com
17:04:49.931 INFO  base.CustomDriver -Send Keys on element :: Password Field with data :: 246//Asid
17:04:53.323 INFO  base.CustomDriver -Clicked On :: Login Button
17:04:53.377 ERROR utilities.Util -Actual Text From Web Application UI   --> : All Courses
17:04:53.377 ERROR utilities.Util -Expected Text From Web Application UI --> : All Coursessss
17:04:53.377 ERROR utilities.Util -### Verification DOES NOT Contains !!!
17:04:53.378 INFO  base.CheckPoint -test-01.header verification :-> FAIL
17:04:53.387 INFO  base.CustomDriver -Element List found with: class=>gravatar
17:04:53.387 INFO  utilities.Util -Size of list :: 1
17:04:53.387 INFO  utilities.Util -List is not empty
17:04:53.387 INFO  base.CheckPoint -test-01.login verification :-> PASS
17:04:53.387 INFO  base.CheckPoint -Test Method Failed
17:04:53.392 INFO  base.TestListeners -onTestFailure -> Test Method Name: testLogin
17:04:53.392 INFO  base.WebDriverFactory -OS Name from system property :: win
17:04:53.392 INFO  base.WebDriverFactory -Driver Binary :: C:\Users\cheap\workspace\letskodeit//drivers//chromedriver.exe
17:04:53.392 INFO  utilities.Util -Current Date and Time :: 05_14_2020 17_04_53
17:04:54.079 INFO  base.CustomDriver -Screen Shot Was Stored at: C:\Users\cheap\workspace\letskodeit/screenshots/chrome_testLogin_05_14_2020 17_04_53.png
17:04:54.088 INFO  base.CustomDriver -Element List found with: class=>gravatar
17:04:54.088 INFO  utilities.Util -Size of list :: 1
17:04:54.088 INFO  utilities.Util -List is not empty
17:04:54.130 INFO  base.CustomDriver -Clicked On :: User Account Icon
17:04:54.132 INFO  base.CustomDriver -Waiting for max:: 10 seconds for element to be available
17:04:54.171 INFO  base.CustomDriver -Element appeared on the web page
17:04:55.591 INFO  base.CustomDriver -Clicked on :: Logout Link
17:04:55.666 INFO  base.CustomDriver -Clicked On :: Login Link
17:04:55.668 INFO  base.WebDriverFactory -OS Name from system property :: win
17:04:55.668 INFO  base.WebDriverFactory -Driver Binary :: C:\Users\cheap\workspace\letskodeit//drivers//chromedriver.exe
17:05:00.300 ERROR base.CustomDriver -Element not found with: xpath=>//a[@href='/sign_in']
17:05:00.301 ERROR base.CustomDriver -Cannot click on :: Login Link
17:05:00.301 INFO  utilities.Util -Current Date and Time :: 05_14_2020 17_05_00
17:05:00.766 INFO  base.CustomDriver -Screen Shot Was Stored at: C:\Users\cheap\workspace\letskodeit/screenshots/_Click ERROR_05_14_2020 17_05_00.png
17:05:00.911 INFO  base.CustomDriver -Send Keys on element :: Email Field with data :: asidcam@gmail.com
17:05:00.990 INFO  base.CustomDriver -Send Keys on element :: Password Field with data :: 246//Asid
17:05:04.544 INFO  base.CustomDriver -Clicked On :: Login Button
17:05:04.570 INFO  base.CheckPoint -Clearing Results Hash Map
17:05:04.637 INFO  base.CustomDriver -Clicked On :: All Courses Link
17:05:04.696 INFO  base.CustomDriver -Clicked On :: Category Dropdown
17:05:04.698 INFO  base.CustomDriver -Waiting for max:: 15 seconds for element to be clickable
17:05:04.736 INFO  base.CustomDriver -Element is clickable on the web page
17:05:05.460 INFO  base.CustomDriver -Clicked on :: Category Option
17:05:05.520 INFO  base.CustomDriver -Clicked On :: Category Dropdown
17:05:05.523 INFO  base.CustomDriver -Waiting for max:: 15 seconds for element to be clickable
17:05:05.558 INFO  base.CustomDriver -Element is clickable on the web page
17:05:05.570 INFO  base.CustomDriver -The text is : Software IT (4)
17:05:05.595 INFO  base.CustomDriver -Clicked On :: Category Dropdown
17:05:05.605 INFO  base.CustomDriver -Element List found with: xpath=>//div[@class='course-listing']
17:05:05.605 INFO  base.CheckPoint -test-03.filter by category verification :-> PASS
17:05:05.605 INFO  base.CheckPoint -Test Method Successful
17:05:05.605 INFO  base.TestListeners -onTestSuccess -> Test Method Name: filterByCategory
17:05:05.607 INFO  base.CheckPoint -Clearing Results Hash Map
17:05:05.648 INFO  base.CustomDriver -Clicked On :: All Courses Link
17:05:05.763 INFO  base.CustomDriver -Send Keys on element :: Search Course field with data :: rest api
17:05:06.346 INFO  base.CustomDriver -Clicked On :: Search Course Button
17:05:06.375 INFO  base.CustomDriver -Element List found with: xpath=>//div[@class='course-listing']
17:05:06.380 INFO  base.CheckPoint -test-02.search course verification :-> PASS
17:05:06.380 INFO  base.CheckPoint -Test Method Successful
17:05:06.380 INFO  base.TestListeners -onTestSuccess -> Test Method Name: verifySearchCourse
17:05:06.380 INFO  base.CheckPoint -Clearing Results Hash Map
17:05:06.432 INFO  base.CustomDriver -Clicked On :: All Courses Link
17:05:06.566 INFO  base.CustomDriver -Send Keys on element :: Search Course field with data :: javascript
17:05:08.119 INFO  base.CustomDriver -Clicked On :: Search Course Button
17:05:08.138 INFO  base.CustomDriver -Element List found with: xpath=>//div[@class='course-listing']
17:05:08.143 INFO  base.CheckPoint -test-02.search course verification :-> PASS
17:05:08.143 INFO  base.CheckPoint -Test Method Successful
17:05:08.143 INFO  base.TestListeners -onTestSuccess -> Test Method Name: verifySearchCourse
17:05:08.144 INFO  base.WebDriverFactory -OS Name from system property :: win
17:05:08.144 INFO  base.WebDriverFactory -Driver Binary :: C:\Users\cheap\workspace\letskodeit//drivers//chromedriver.exe
17:05:12.721 ERROR base.CustomDriver -Element not found with: xpath=>//a[@href='/sign_in']
17:05:12.724 ERROR base.CustomDriver -Cannot click on :: Login Link
17:05:12.724 INFO  utilities.Util -Current Date and Time :: 05_14_2020 17_05_12
17:05:13.371 INFO  base.CustomDriver -Screen Shot Was Stored at: C:\Users\cheap\workspace\letskodeit/screenshots/_Click ERROR_05_14_2020 17_05_12.png
17:05:16.379 ERROR base.CustomDriver -Element not found with: id=>user_email
17:05:16.380 ERROR base.CustomDriver -Cannot send keys on element :: Email Field with data :: asidcam@gmail.com
17:05:19.404 ERROR base.CustomDriver -Element not found with: id=>user_password
17:05:19.406 ERROR base.CustomDriver -Cannot send keys on element :: Password Field with data :: 246//Asid
17:05:22.446 ERROR base.CustomDriver -Element not found with: name=>commit
17:05:22.448 ERROR base.CustomDriver -Cannot click on :: Login Button
17:05:22.449 INFO  utilities.Util -Current Date and Time :: 05_14_2020 17_05_22
17:05:23.069 INFO  base.CustomDriver -Screen Shot Was Stored at: C:\Users\cheap\workspace\letskodeit/screenshots/_Click ERROR_05_14_2020 17_05_22.png
17:05:23.070 INFO  base.CheckPoint -Clearing Results Hash Map
17:05:23.125 INFO  base.CustomDriver -Clicked On :: Practice Link
17:05:26.190 ERROR base.CustomDriver -Element not found with: id=>bmwradio
17:05:26.193 ERROR base.CustomDriver -Cannot click on :: BMW
17:05:26.193 INFO  utilities.Util -Current Date and Time :: 05_14_2020 17_05_26
17:05:26.839 INFO  base.CustomDriver -Screen Shot Was Stored at: C:\Users\cheap\workspace\letskodeit/screenshots/_Click ERROR_05_14_2020 17_05_26.png
17:05:29.171 INFO  base.CustomDriver -Clicked On :: BENZ
17:05:29.227 INFO  base.CustomDriver -Clicked On :: HONDA
17:05:29.241 INFO  base.CustomDriver -Element :: BMW is already selected
17:05:29.242 INFO  base.TestListeners -onTestFailure -> Test Method Name: clickRadioButtonBMW
17:05:29.243 INFO  base.WebDriverFactory -OS Name from system property :: win
17:05:29.243 INFO  base.WebDriverFactory -Driver Binary :: C:\Users\cheap\workspace\letskodeit//drivers//chromedriver.exe
17:05:29.243 INFO  utilities.Util -Current Date and Time :: 05_14_2020 17_05_29
17:05:29.742 INFO  base.CustomDriver -Screen Shot Was Stored at: C:\Users\cheap\workspace\letskodeit/screenshots/chrome_clickRadioButtonBMW_05_14_2020 17_05_29.png
17:05:29.743 INFO  base.CheckPoint -Clearing Results Hash Map
17:05:29.800 INFO  base.CustomDriver -Clicked On :: Practice Link
17:05:29.890 INFO  utilities.Util -Actual Text From Web Application UI   --> : Practice
17:05:29.890 INFO  utilities.Util -Expected Text From Web Application UI --> : Practice
17:05:29.890 INFO  utilities.Util -### Verification Contains !!!
17:05:29.890 INFO  base.TestListeners -onTestSuccess -> Test Method Name: verifyTitle
17:05:29.891 INFO  base.TestListeners -onFinish -> Test Tag Name: Application Test
17:13:05.801 INFO  utilities.Util -Current Date and Time :: 05_14_2020 17_13_05
17:13:05.805 INFO  utilities.ExtentManager -*********** Report Path ***********
17:13:05.805 INFO  utilities.ExtentManager -C:\Users\cheap\workspace\letskodeit/reports/AutomationReport_05_14_2020 17_13_05.html
17:13:05.805 INFO  utilities.ExtentManager -*********** Report Path ***********
17:13:05.967 INFO  base.TestListeners -onStart -> Test Tag Name: Application Test
17:13:05.967 INFO  base.TestListeners -These methods will be executed in this <test> tag
17:13:05.967 INFO  base.TestListeners -filterByCategory
17:13:05.967 INFO  base.TestListeners -verifySearchCourse
17:13:05.967 INFO  base.TestListeners -testInvalidLogin
17:13:05.967 INFO  base.TestListeners -testLogin
17:13:05.967 INFO  base.TestListeners -clickRadioBtnBenz
17:13:05.967 INFO  base.TestListeners -clickRadioBtnHonda
17:13:05.967 INFO  base.TestListeners -clickRadioButtonBMW
17:13:05.967 INFO  base.TestListeners -verifyTitle
17:13:05.988 INFO  base.WebDriverFactory -OS Name from system property :: win
17:13:05.988 INFO  base.WebDriverFactory -Driver Binary :: C:\Users\cheap\workspace\letskodeit//drivers//chromedriver.exe
17:13:13.465 INFO  base.CustomDriver -Clicked On :: Login Link
17:13:13.867 INFO  base.CheckPoint -Clearing Results Hash Map
17:13:21.274 INFO  base.CustomDriver -Send Keys on element :: Email Field with data :: asidcam@gmail.com
17:13:21.347 INFO  base.CustomDriver -Send Keys on element :: Password Field with data :: abcabc
17:13:22.444 INFO  base.CustomDriver -Clicked On :: Login Button
17:13:32.506 INFO  base.CustomDriver -Element List not found with: class=>gravatar
17:13:32.506 INFO  utilities.Util -Size of list :: 0
17:13:32.506 ERROR utilities.Util -List is empty
17:13:32.508 INFO  base.TestListeners -onTestSuccess -> Test Method Name: testInvalidLogin
17:13:42.552 INFO  base.CustomDriver -Element List not found with: class=>gravatar
17:13:42.552 INFO  utilities.Util -Size of list :: 0
17:13:42.552 ERROR utilities.Util -List is empty
17:13:42.553 INFO  base.CheckPoint -Clearing Results Hash Map
17:13:42.733 INFO  base.CustomDriver -Send Keys on element :: Email Field with data :: asidcam@email.com
17:13:42.815 INFO  base.CustomDriver -Send Keys on element :: Password Field with data :: 246//Asid
17:13:44.041 INFO  base.CustomDriver -Clicked On :: Login Button
17:13:54.131 INFO  base.CustomDriver -Element List not found with: class=>gravatar
17:13:54.131 INFO  utilities.Util -Size of list :: 0
17:13:54.131 ERROR utilities.Util -List is empty
17:13:54.132 INFO  base.TestListeners -onTestSuccess -> Test Method Name: testInvalidLogin
17:14:04.170 INFO  base.CustomDriver -Element List not found with: class=>gravatar
17:14:04.170 INFO  utilities.Util -Size of list :: 0
17:14:04.171 ERROR utilities.Util -List is empty
17:14:04.172 INFO  base.CheckPoint -Clearing Results Hash Map
17:14:04.329 INFO  base.CustomDriver -Send Keys on element :: Email Field with data :: asidcam@gmail.com
17:14:04.436 INFO  base.CustomDriver -Send Keys on element :: Password Field with data :: 246//Asid
17:14:07.597 INFO  base.CustomDriver -Clicked On :: Login Button
17:14:07.636 ERROR utilities.Util -Actual Text From Web Application UI   --> : All Courses
17:14:07.636 ERROR utilities.Util -Expected Text From Web Application UI --> : All Coursessss
17:14:07.636 ERROR utilities.Util -### Verification DOES NOT Contains !!!
17:14:07.636 INFO  base.CheckPoint -test-01.header verification :-> FAIL
17:14:07.646 INFO  base.CustomDriver -Element List found with: class=>gravatar
17:14:07.646 INFO  utilities.Util -Size of list :: 1
17:14:07.646 INFO  utilities.Util -List is not empty
17:14:07.646 INFO  base.CheckPoint -test-01.login verification :-> PASS
17:14:07.646 INFO  base.CheckPoint -Test Method Failed
17:14:07.647 INFO  base.TestListeners -onTestFailure -> Test Method Name: testLogin
17:14:07.648 INFO  base.WebDriverFactory -OS Name from system property :: win
17:14:07.648 INFO  base.WebDriverFactory -Driver Binary :: C:\Users\cheap\workspace\letskodeit//drivers//chromedriver.exe
17:14:07.648 INFO  utilities.Util -Current Date and Time :: 05_14_2020 17_14_07
17:14:08.269 INFO  base.CustomDriver -Screen Shot Was Stored at: C:\Users\cheap\workspace\letskodeit/screenshots/chrome_testLogin_05_14_2020 17_14_07.png
17:14:08.291 INFO  base.CustomDriver -Element List found with: class=>gravatar
17:14:08.292 INFO  utilities.Util -Size of list :: 1
17:14:08.292 INFO  utilities.Util -List is not empty
17:14:08.344 INFO  base.CustomDriver -Clicked On :: User Account Icon
17:14:08.347 INFO  base.CustomDriver -Waiting for max:: 10 seconds for element to be available
17:14:08.387 INFO  base.CustomDriver -Element appeared on the web page
17:14:08.398 INFO  base.CustomDriver -Clicked on :: Logout Link
17:14:10.851 INFO  base.CustomDriver -Clicked On :: Login Link
17:14:10.854 INFO  base.WebDriverFactory -OS Name from system property :: win
17:14:10.855 INFO  base.WebDriverFactory -Driver Binary :: C:\Users\cheap\workspace\letskodeit//drivers//chromedriver.exe
17:14:15.393 ERROR base.CustomDriver -Element not found with: xpath=>//a[@href='/sign_in']
17:14:15.394 ERROR base.CustomDriver -Cannot click on :: Login Link
17:14:15.394 INFO  utilities.Util -Current Date and Time :: 05_14_2020 17_14_15
17:14:15.858 INFO  base.CustomDriver -Screen Shot Was Stored at: C:\Users\cheap\workspace\letskodeit/screenshots/_Click ERROR_05_14_2020 17_14_15.png
17:14:16.012 INFO  base.CustomDriver -Send Keys on element :: Email Field with data :: asidcam@gmail.com
17:14:16.092 INFO  base.CustomDriver -Send Keys on element :: Password Field with data :: 246//Asid
17:14:19.576 INFO  base.CustomDriver -Clicked On :: Login Button
17:14:19.603 INFO  base.CheckPoint -Clearing Results Hash Map
17:14:19.651 INFO  base.CustomDriver -Clicked On :: All Courses Link
17:14:19.708 INFO  base.CustomDriver -Clicked On :: Category Dropdown
17:14:19.711 INFO  base.CustomDriver -Waiting for max:: 15 seconds for element to be clickable
17:14:19.750 INFO  base.CustomDriver -Element is clickable on the web page
17:14:20.557 INFO  base.CustomDriver -Clicked on :: Category Option
17:14:20.799 INFO  base.CustomDriver -Clicked On :: Category Dropdown
17:14:20.802 INFO  base.CustomDriver -Waiting for max:: 15 seconds for element to be clickable
17:14:20.840 INFO  base.CustomDriver -Element is clickable on the web page
17:14:20.852 INFO  base.CustomDriver -The text is : Software IT (4)
17:14:20.877 INFO  base.CustomDriver -Clicked On :: Category Dropdown
17:14:20.887 INFO  base.CustomDriver -Element List found with: xpath=>//div[@class='course-listing']
17:14:20.887 INFO  base.CheckPoint -test-03.filter by category verification :-> PASS
17:14:20.888 INFO  base.CheckPoint -Test Method Successful
17:14:20.888 INFO  base.TestListeners -onTestSuccess -> Test Method Name: filterByCategory
17:14:20.890 INFO  base.CheckPoint -Clearing Results Hash Map
17:14:20.945 INFO  base.CustomDriver -Clicked On :: All Courses Link
17:14:21.061 INFO  base.CustomDriver -Send Keys on element :: Search Course field with data :: rest api
17:14:21.951 INFO  base.CustomDriver -Clicked On :: Search Course Button
17:14:21.962 INFO  base.CustomDriver -Element List found with: xpath=>//div[@class='course-listing']
17:14:21.966 INFO  base.CheckPoint -test-02.search course verification :-> PASS
17:14:21.966 INFO  base.CheckPoint -Test Method Successful
17:14:21.966 INFO  base.TestListeners -onTestSuccess -> Test Method Name: verifySearchCourse
17:14:21.967 INFO  base.CheckPoint -Clearing Results Hash Map
17:14:22.017 INFO  base.CustomDriver -Clicked On :: All Courses Link
17:14:22.126 INFO  base.CustomDriver -Send Keys on element :: Search Course field with data :: javascript
17:14:23.522 INFO  base.CustomDriver -Clicked On :: Search Course Button
17:14:23.530 INFO  base.CustomDriver -Element List found with: xpath=>//div[@class='course-listing']
17:14:23.534 INFO  base.CheckPoint -test-02.search course verification :-> PASS
17:14:23.534 INFO  base.CheckPoint -Test Method Successful
17:14:23.534 INFO  base.TestListeners -onTestSuccess -> Test Method Name: verifySearchCourse
17:14:23.536 INFO  base.WebDriverFactory -OS Name from system property :: win
17:14:23.536 INFO  base.WebDriverFactory -Driver Binary :: C:\Users\cheap\workspace\letskodeit//drivers//chromedriver.exe
17:14:27.725 ERROR base.CustomDriver -Element not found with: xpath=>//a[@href='/sign_in']
17:14:27.726 ERROR base.CustomDriver -Cannot click on :: Login Link
17:14:27.726 INFO  utilities.Util -Current Date and Time :: 05_14_2020 17_14_27
17:14:28.369 INFO  base.CustomDriver -Screen Shot Was Stored at: C:\Users\cheap\workspace\letskodeit/screenshots/_Click ERROR_05_14_2020 17_14_27.png
17:14:31.419 ERROR base.CustomDriver -Element not found with: id=>user_email
17:14:31.420 ERROR base.CustomDriver -Cannot send keys on element :: Email Field with data :: asidcam@gmail.com
17:14:34.445 ERROR base.CustomDriver -Element not found with: id=>user_password
17:14:34.448 ERROR base.CustomDriver -Cannot send keys on element :: Password Field with data :: 246//Asid
17:14:37.461 ERROR base.CustomDriver -Element not found with: name=>commit
17:14:37.463 ERROR base.CustomDriver -Cannot click on :: Login Button
17:14:37.463 INFO  utilities.Util -Current Date and Time :: 05_14_2020 17_14_37
17:14:38.128 INFO  base.CustomDriver -Screen Shot Was Stored at: C:\Users\cheap\workspace\letskodeit/screenshots/_Click ERROR_05_14_2020 17_14_37.png
17:14:38.129 INFO  base.CheckPoint -Clearing Results Hash Map
17:14:38.180 INFO  base.CustomDriver -Clicked On :: Practice Link
17:14:39.257 INFO  base.CustomDriver -Clicked On :: BENZ
17:14:39.257 INFO  base.TestListeners -onTestSuccess -> Test Method Name: clickRadioBtnBenz
17:14:39.258 INFO  base.CheckPoint -Clearing Results Hash Map
17:14:39.309 INFO  base.CustomDriver -Clicked On :: Practice Link
17:14:39.359 INFO  base.CustomDriver -Clicked On :: HONDA
17:14:39.359 INFO  base.TestListeners -onTestSuccess -> Test Method Name: clickRadioBtnHonda
17:14:39.359 INFO  base.CheckPoint -Clearing Results Hash Map
17:14:39.393 INFO  base.CustomDriver -Clicked On :: Practice Link
17:14:39.442 INFO  base.CustomDriver -Clicked On :: BMW
17:14:39.460 INFO  base.CustomDriver -Element :: BMW is selected
17:14:39.460 INFO  base.TestListeners -onTestSuccess -> Test Method Name: clickRadioButtonBMW
17:14:39.461 INFO  base.CheckPoint -Clearing Results Hash Map
17:14:39.490 INFO  base.CustomDriver -Clicked On :: Practice Link
17:14:39.508 INFO  utilities.Util -Actual Text From Web Application UI   --> : Practice
17:14:39.508 INFO  utilities.Util -Expected Text From Web Application UI --> : Practice
17:14:39.508 INFO  utilities.Util -### Verification Contains !!!
17:14:39.508 INFO  base.TestListeners -onTestSuccess -> Test Method Name: verifyTitle
17:14:39.509 INFO  base.TestListeners -onFinish -> Test Tag Name: Application Test
17:25:09.334 INFO  utilities.Util -Current Date and Time :: 05_14_2020 17_25_09
17:25:09.339 INFO  utilities.ExtentManager -*********** Report Path ***********
17:25:09.339 INFO  utilities.ExtentManager -C:\Users\cheap\workspace\letskodeit/reports/AutomationReport_05_14_2020 17_25_09.html
17:25:09.339 INFO  utilities.ExtentManager -*********** Report Path ***********
17:25:09.483 INFO  base.TestListeners -onStart -> Test Tag Name: Application Test
17:25:09.483 INFO  base.TestListeners -These methods will be executed in this <test> tag
17:25:09.483 INFO  base.TestListeners -filterByCategory
17:25:09.483 INFO  base.TestListeners -verifySearchCourse
17:25:09.484 INFO  base.TestListeners -testInvalidLogin
17:25:09.484 INFO  base.TestListeners -testLogin
17:25:09.484 INFO  base.TestListeners -clickRadioBtnBenz
17:25:09.484 INFO  base.TestListeners -clickRadioBtnHonda
17:25:09.484 INFO  base.TestListeners -clickRadioButtonBMW
17:25:09.484 INFO  base.TestListeners -verifyTitle
17:25:09.502 INFO  base.WebDriverFactory -OS Name from system property :: win
17:25:09.502 INFO  base.WebDriverFactory -Driver Binary :: C:\Users\cheap\workspace\letskodeit//drivers//chromedriver.exe
17:25:17.637 INFO  base.CustomDriver -Clicked On :: Login Link
17:25:18.025 INFO  base.CheckPoint -Clearing Results Hash Map
17:25:20.174 INFO  base.CustomDriver -Send Keys on element :: Email Field with data :: asidcam@gmail.com
17:25:20.248 INFO  base.CustomDriver -Send Keys on element :: Password Field with data :: abcabc
17:25:21.770 INFO  base.CustomDriver -Clicked On :: Login Button
17:25:31.827 INFO  base.CustomDriver -Element List not found with: class=>gravatar
17:25:31.827 INFO  utilities.Util -Size of list :: 0
17:25:31.827 ERROR utilities.Util -List is empty
17:25:31.829 INFO  base.TestListeners -onTestSuccess -> Test Method Name: testInvalidLogin
17:25:41.871 INFO  base.CustomDriver -Element List not found with: class=>gravatar
17:25:41.871 INFO  utilities.Util -Size of list :: 0
17:25:41.871 ERROR utilities.Util -List is empty
17:25:41.872 INFO  base.CheckPoint -Clearing Results Hash Map
17:25:42.031 INFO  base.CustomDriver -Send Keys on element :: Email Field with data :: asidcam@email.com
17:25:42.112 INFO  base.CustomDriver -Send Keys on element :: Password Field with data :: 246//Asid
17:25:43.285 INFO  base.CustomDriver -Clicked On :: Login Button
17:25:53.378 INFO  base.CustomDriver -Element List not found with: class=>gravatar
17:25:53.378 INFO  utilities.Util -Size of list :: 0
17:25:53.378 ERROR utilities.Util -List is empty
17:25:53.379 INFO  base.TestListeners -onTestSuccess -> Test Method Name: testInvalidLogin
17:26:03.430 INFO  base.CustomDriver -Element List not found with: class=>gravatar
17:26:03.431 INFO  utilities.Util -Size of list :: 0
17:26:03.431 ERROR utilities.Util -List is empty
17:26:03.434 INFO  base.CheckPoint -Clearing Results Hash Map
17:26:03.592 INFO  base.CustomDriver -Send Keys on element :: Email Field with data :: asidcam@gmail.com
17:26:03.672 INFO  base.CustomDriver -Send Keys on element :: Password Field with data :: 246//Asid
17:26:06.548 INFO  base.CustomDriver -Clicked On :: Login Button
17:26:06.588 ERROR utilities.Util -Actual Text From Web Application UI   --> : All Courses
17:26:06.588 ERROR utilities.Util -Expected Text From Web Application UI --> : All Coursessss
17:26:06.588 ERROR utilities.Util -### Verification DOES NOT Contains !!!
17:26:06.588 INFO  base.CheckPoint -test-01.header verification :-> FAIL
17:26:06.598 INFO  base.CustomDriver -Element List found with: class=>gravatar
17:26:06.598 INFO  utilities.Util -Size of list :: 1
17:26:06.598 INFO  utilities.Util -List is not empty
17:26:06.598 INFO  base.CheckPoint -test-01.login verification :-> PASS
17:26:06.598 INFO  base.CheckPoint -Test Method Failed
17:26:06.599 INFO  base.TestListeners -onTestFailure -> Test Method Name: testLogin
17:26:06.600 INFO  base.WebDriverFactory -OS Name from system property :: win
17:26:06.600 INFO  base.WebDriverFactory -Driver Binary :: C:\Users\cheap\workspace\letskodeit//drivers//chromedriver.exe
17:26:06.600 INFO  utilities.Util -Current Date and Time :: 05_14_2020 17_26_06
17:26:07.229 INFO  base.CustomDriver -Screen Shot Was Stored at: C:\Users\cheap\workspace\letskodeit/screenshots/chrome_testLogin_05_14_2020 17_26_06.png
17:26:07.242 INFO  base.CustomDriver -Element List found with: class=>gravatar
17:26:07.242 INFO  utilities.Util -Size of list :: 1
17:26:07.242 INFO  utilities.Util -List is not empty
17:26:07.284 INFO  base.CustomDriver -Clicked On :: User Account Icon
17:26:07.287 INFO  base.CustomDriver -Waiting for max:: 10 seconds for element to be available
17:26:07.324 INFO  base.CustomDriver -Element appeared on the web page
17:26:07.340 INFO  base.CustomDriver -Clicked on :: Logout Link
17:26:11.799 ERROR base.CustomDriver -Element not found with: xpath=>//a[@href='/sign_in']
17:26:11.800 ERROR base.CustomDriver -Cannot click on :: Login Link
17:26:11.800 INFO  utilities.Util -Current Date and Time :: 05_14_2020 17_26_11
17:26:13.397 INFO  base.CustomDriver -Screen Shot Was Stored at: C:\Users\cheap\workspace\letskodeit/screenshots/_Click ERROR_05_14_2020 17_26_11.png
17:26:13.399 INFO  base.WebDriverFactory -OS Name from system property :: win
17:26:13.399 INFO  base.WebDriverFactory -Driver Binary :: C:\Users\cheap\workspace\letskodeit//drivers//chromedriver.exe
17:26:14.084 INFO  base.CustomDriver -Clicked On :: Login Link
17:26:15.987 INFO  base.CustomDriver -Send Keys on element :: Email Field with data :: asidcam@gmail.com
17:26:16.084 INFO  base.CustomDriver -Send Keys on element :: Password Field with data :: 246//Asid
17:26:19.629 INFO  base.CustomDriver -Clicked On :: Login Button
17:26:19.655 INFO  base.CheckPoint -Clearing Results Hash Map
17:26:19.709 INFO  base.CustomDriver -Clicked On :: All Courses Link
17:26:19.753 INFO  base.CustomDriver -Clicked On :: Category Dropdown
17:26:19.756 INFO  base.CustomDriver -Waiting for max:: 15 seconds for element to be clickable
17:26:19.793 INFO  base.CustomDriver -Element is clickable on the web page
17:26:20.290 INFO  base.CustomDriver -Clicked on :: Category Option
17:26:20.672 INFO  base.CustomDriver -Clicked On :: Category Dropdown
17:26:20.674 INFO  base.CustomDriver -Waiting for max:: 15 seconds for element to be clickable
17:26:20.708 INFO  base.CustomDriver -Element is clickable on the web page
17:26:20.722 INFO  base.CustomDriver -The text is : Software IT (4)
17:26:20.746 INFO  base.CustomDriver -Clicked On :: Category Dropdown
17:26:20.755 INFO  base.CustomDriver -Element List found with: xpath=>//div[@class='course-listing']
17:26:20.755 INFO  base.CheckPoint -test-03.filter by category verification :-> PASS
17:26:20.756 INFO  base.CheckPoint -Test Method Successful
17:26:20.756 INFO  base.TestListeners -onTestSuccess -> Test Method Name: filterByCategory
17:26:20.758 INFO  base.CheckPoint -Clearing Results Hash Map
17:26:20.823 INFO  base.CustomDriver -Clicked On :: All Courses Link
17:26:20.938 INFO  base.CustomDriver -Send Keys on element :: Search Course field with data :: rest api
17:26:21.736 INFO  base.CustomDriver -Clicked On :: Search Course Button
17:26:21.744 INFO  base.CustomDriver -Element List found with: xpath=>//div[@class='course-listing']
17:26:21.749 INFO  base.CheckPoint -test-02.search course verification :-> PASS
17:26:21.749 INFO  base.CheckPoint -Test Method Successful
17:26:21.749 INFO  base.TestListeners -onTestSuccess -> Test Method Name: verifySearchCourse
17:26:21.749 INFO  base.CheckPoint -Clearing Results Hash Map
17:26:21.792 INFO  base.CustomDriver -Clicked On :: All Courses Link
17:26:21.909 INFO  base.CustomDriver -Send Keys on element :: Search Course field with data :: javascript
17:26:22.664 INFO  base.CustomDriver -Clicked On :: Search Course Button
17:26:22.675 INFO  base.CustomDriver -Element List found with: xpath=>//div[@class='course-listing']
17:26:22.680 INFO  base.CheckPoint -test-02.search course verification :-> PASS
17:26:22.680 INFO  base.CheckPoint -Test Method Successful
17:26:22.680 INFO  base.TestListeners -onTestSuccess -> Test Method Name: verifySearchCourse
17:26:22.681 INFO  base.WebDriverFactory -OS Name from system property :: win
17:26:22.681 INFO  base.WebDriverFactory -Driver Binary :: C:\Users\cheap\workspace\letskodeit//drivers//chromedriver.exe
17:26:26.635 ERROR base.CustomDriver -Element not found with: xpath=>//a[@href='/sign_in']
17:26:26.635 ERROR base.CustomDriver -Cannot click on :: Login Link
17:26:26.635 INFO  utilities.Util -Current Date and Time :: 05_14_2020 17_26_26
17:26:27.257 INFO  base.CustomDriver -Screen Shot Was Stored at: C:\Users\cheap\workspace\letskodeit/screenshots/_Click ERROR_05_14_2020 17_26_26.png
17:26:30.277 ERROR base.CustomDriver -Element not found with: id=>user_email
17:26:30.278 ERROR base.CustomDriver -Cannot send keys on element :: Email Field with data :: asidcam@gmail.com
17:26:33.291 ERROR base.CustomDriver -Element not found with: id=>user_password
17:26:33.291 ERROR base.CustomDriver -Cannot send keys on element :: Password Field with data :: 246//Asid
17:26:36.324 ERROR base.CustomDriver -Element not found with: name=>commit
17:26:36.326 ERROR base.CustomDriver -Cannot click on :: Login Button
17:26:36.327 INFO  utilities.Util -Current Date and Time :: 05_14_2020 17_26_36
17:26:36.952 INFO  base.CustomDriver -Screen Shot Was Stored at: C:\Users\cheap\workspace\letskodeit/screenshots/_Click ERROR_05_14_2020 17_26_36.png
17:26:36.953 INFO  base.CheckPoint -Clearing Results Hash Map
17:26:37.014 INFO  base.CustomDriver -Clicked On :: Practice Link
17:26:39.092 INFO  base.CustomDriver -Clicked On :: BENZ
17:26:39.117 INFO  base.CustomDriver -Element :: BENZ is selected
17:26:39.117 INFO  base.TestListeners -onTestSuccess -> Test Method Name: clickRadioBtnBenz
17:26:39.117 INFO  base.CheckPoint -Clearing Results Hash Map
17:26:39.167 INFO  base.CustomDriver -Clicked On :: Practice Link
17:26:39.268 INFO  base.CustomDriver -Clicked On :: HONDA
17:26:39.282 INFO  base.CustomDriver -Element :: HONDA is selected
17:26:39.282 INFO  base.TestListeners -onTestSuccess -> Test Method Name: clickRadioBtnHonda
17:26:39.283 INFO  base.CheckPoint -Clearing Results Hash Map
17:26:39.319 INFO  base.CustomDriver -Clicked On :: Practice Link
17:26:39.368 INFO  base.CustomDriver -Clicked On :: BMW
17:26:39.382 INFO  base.CustomDriver -Element :: BMW is selected
17:26:39.382 INFO  base.TestListeners -onTestSuccess -> Test Method Name: clickRadioButtonBMW
17:26:39.383 INFO  base.CheckPoint -Clearing Results Hash Map
17:26:39.420 INFO  base.CustomDriver -Clicked On :: Practice Link
17:26:39.438 INFO  utilities.Util -Actual Text From Web Application UI   --> : Practice
17:26:39.438 INFO  utilities.Util -Expected Text From Web Application UI --> : Practice
17:26:39.438 INFO  utilities.Util -### Verification Contains !!!
17:26:39.438 INFO  base.TestListeners -onTestSuccess -> Test Method Name: verifyTitle
17:26:39.439 INFO  base.TestListeners -onFinish -> Test Tag Name: Application Test
