11:48:45.012 INFO  utilities.Util -Current Date and Time :: 05_17_2020 11_48_45
11:48:45.022 INFO  utilities.ExtentManager -*********** Report Path ***********
11:48:45.022 INFO  utilities.ExtentManager -C:\Users\cheap\workspace\letskodeit/reports/AutomationReport_05_17_2020 11_48_45.html
11:48:45.022 INFO  utilities.ExtentManager -*********** Report Path ***********
11:48:45.172 INFO  base.TestListeners -onStart -> Test Tag Name: Application Test
11:48:45.173 INFO  base.TestListeners -These methods will be executed in this <test> tag
11:48:45.173 INFO  base.TestListeners -clickRadioBtnBenz
11:48:45.173 INFO  base.TestListeners -clickRadioBtnHonda
11:48:45.173 INFO  base.TestListeners -clickRadioButtonBMW
11:48:45.173 INFO  base.TestListeners -multipleSelect
11:48:45.173 INFO  base.TestListeners -selectDropdownBenz
11:48:45.173 INFO  base.TestListeners -selectDropdownBmw
11:48:45.173 INFO  base.TestListeners -selectDropdownHonda
11:48:45.174 INFO  base.TestListeners -verifyTitle
11:48:45.192 INFO  base.WebDriverFactory -OS Name from system property :: win
11:48:45.192 INFO  base.WebDriverFactory -Driver Binary :: C:\Users\cheap\workspace\letskodeit//drivers//chromedriver.exe
11:48:53.971 INFO  base.CustomDriver -Clicked On :: Login Link
11:48:56.733 INFO  base.CustomDriver -Send Keys on element :: Email Field with data :: asidcam@gmail.com
11:48:56.818 INFO  base.CustomDriver -Send Keys on element :: Password Field with data :: 246//Asid
11:49:01.229 INFO  base.CustomDriver -Clicked On :: Login Button
11:49:01.304 INFO  base.CustomDriver -Clicked On :: Practice Link
11:49:01.311 INFO  base.CheckPoint -Clearing Results Hash Map
11:49:02.739 INFO  base.CustomDriver -Clicked On :: BENZ
11:49:02.755 INFO  base.CustomDriver -Element :: Radio BENZ is selected
11:49:02.758 INFO  base.TestListeners -onTestSuccess -> Test Method Name: clickRadioBtnBenz
11:49:02.763 INFO  base.CheckPoint -Clearing Results Hash Map
11:49:02.813 INFO  base.CustomDriver -Clicked On :: HONDA
11:49:02.827 INFO  base.CustomDriver -Element :: Radio HONDA is selected
11:49:02.828 INFO  base.TestListeners -onTestSuccess -> Test Method Name: clickRadioBtnHonda
11:49:02.828 INFO  base.CheckPoint -Clearing Results Hash Map
11:49:02.880 INFO  base.CustomDriver -Clicked On :: BMW
11:49:02.894 INFO  base.CustomDriver -Element :: Radio BMW is selected
11:49:02.895 INFO  base.TestListeners -onTestSuccess -> Test Method Name: clickRadioButtonBMW
11:49:02.895 INFO  base.CheckPoint -Clearing Results Hash Map
11:49:02.946 INFO  base.CustomDriver -Clicked On :: Multiple select example
11:49:03.091 INFO  base.TestListeners -onTestSuccess -> Test Method Name: multipleSelect
11:49:03.091 INFO  base.CheckPoint -Clearing Results Hash Map
11:49:03.157 INFO  base.CustomDriver -Clicked On :: Select class Example
11:49:03.195 INFO  base.CustomDriver -Clicked On :: BENZ
11:49:03.210 INFO  base.CustomDriver -Element :: Dropdown BENZ is selected
11:49:03.210 INFO  base.TestListeners -onTestSuccess -> Test Method Name: selectDropdownBenz
11:49:03.211 INFO  base.CheckPoint -Clearing Results Hash Map
11:49:03.256 INFO  base.CustomDriver -Clicked On :: Select class Example
11:49:03.285 INFO  base.CustomDriver -Clicked On :: BMW
11:49:03.299 INFO  base.CustomDriver -Element :: Dropdown BMW is selected
11:49:03.300 INFO  base.TestListeners -onTestSuccess -> Test Method Name: selectDropdownBmw
11:49:03.300 INFO  base.CheckPoint -Clearing Results Hash Map
11:49:03.336 INFO  base.CustomDriver -Clicked On :: Select class Example
11:49:03.366 INFO  base.CustomDriver -Clicked On :: Honda
11:49:03.379 INFO  base.CustomDriver -Element :: Dropdown HONDA is selected
11:49:03.380 INFO  base.TestListeners -onTestSuccess -> Test Method Name: selectDropdownHonda
11:49:03.380 INFO  base.CheckPoint -Clearing Results Hash Map
11:49:03.398 INFO  utilities.Util -Actual Text From Web Application UI   --> : Practice
11:49:03.398 INFO  utilities.Util -Expected Text From Web Application UI --> : Practice
11:49:03.398 INFO  utilities.Util -### Verification Contains !!!
11:49:03.399 INFO  base.TestListeners -onTestSuccess -> Test Method Name: verifyTitle
11:49:03.401 INFO  base.TestListeners -onFinish -> Test Tag Name: Application Test
